[22/4/2026, 9:18:42 pm] [Server] Starting CareBridge+ Backend...
[22/4/2026, 9:18:42 pm] [Server] Connecting to database...
[22/4/2026, 9:18:42 pm] [Server] Database connected successfully
[22/4/2026, 9:18:42 pm] [Server] Initializing database tables...
[22/4/2026, 9:18:42 pm] [Server] Seeding initial data...
[22/4/2026, 9:18:42 pm] [Server] Database initialization complete
[22/4/2026, 9:18:42 pm] [Server] CareBridge+ Backend listening on port 3000
[22/4/2026, 9:18:42 pm] [Server] Environment: development
[22/4/2026, 10:03:33 pm] [Server] Starting CareBridge+ Backend...
[22/4/2026, 10:03:33 pm] [Server] Connecting to database...
[22/4/2026, 10:03:34 pm] [Server] Database connected successfully
[22/4/2026, 10:03:34 pm] [Server] Initializing database tables...
[22/4/2026, 10:03:34 pm] [Server] Database initialization complete
[22/4/2026, 10:03:34 pm] [Server] CareBridge+ Backend listening on port 3000
[22/4/2026, 10:03:34 pm] [Server] Environment: development
[22/4/2026, 10:10:59 pm] [Request] POST /api/register
[22/4/2026, 10:11:09 pm] [Request] POST /api/login
[22/4/2026, 10:11:09 pm] [Auth] Login attempt for: tej
[22/4/2026, 10:11:09 pm] [Auth] Login successful for: tej
[22/4/2026, 10:11:10 pm] [Request] GET /api/approvals
[22/4/2026, 10:11:10 pm] [Request] GET /api/clinic_details
[22/4/2026, 10:11:10 pm] [404] API route not found: GET /api/clinic_details
[22/4/2026, 10:11:20 pm] [Request] GET /api/approvals
[22/4/2026, 10:11:20 pm] [Request] GET /api/clinic_details
[22/4/2026, 10:11:20 pm] [404] API route not found: GET /api/clinic_details
[22/4/2026, 10:11:30 pm] [Request] GET /api/approvals
[22/4/2026, 10:11:30 pm] [Request] GET /api/clinic_details
[22/4/2026, 10:11:30 pm] [404] API route not found: GET /api/clinic_details
[22/4/2026, 10:11:40 pm] [Request] GET /api/approvals
[22/4/2026, 10:11:40 pm] [Request] GET /api/clinic_details
[22/4/2026, 10:11:40 pm] [404] API route not found: GET /api/clinic_details
[22/4/2026, 10:11:50 pm] [Request] GET /api/approvals
[22/4/2026, 10:11:50 pm] [Request] GET /api/clinic_details
[22/4/2026, 10:11:50 pm] [404] API route not found: GET /api/clinic_details
[22/4/2026, 10:12:00 pm] [Request] GET /api/approvals
[22/4/2026, 10:12:00 pm] [Request] GET /api/clinic_details
[22/4/2026, 10:12:00 pm] [404] API route not found: GET /api/clinic_details
[22/4/2026, 10:12:10 pm] [Request] GET /api/approvals
[22/4/2026, 10:12:10 pm] [Request] GET /api/clinic_details
[22/4/2026, 10:12:10 pm] [404] API route not found: GET /api/clinic_details
[22/4/2026, 10:12:20 pm] [Request] GET /api/approvals
[22/4/2026, 10:12:20 pm] [Request] GET /api/clinic_details
[22/4/2026, 10:12:20 pm] [404] API route not found: GET /api/clinic_details
[22/4/2026, 10:12:30 pm] [Request] GET /api/clinic_details
[22/4/2026, 10:12:30 pm] [404] API route not found: GET /api/clinic_details
[22/4/2026, 10:12:30 pm] [Request] GET /api/approvals
[22/4/2026, 10:12:40 pm] [Request] GET /api/approvals
[22/4/2026, 10:12:40 pm] [Request] GET /api/clinic_details
[22/4/2026, 10:12:40 pm] [404] API route not found: GET /api/clinic_details
[22/4/2026, 10:12:50 pm] [Request] GET /api/approvals
[22/4/2026, 10:12:50 pm] [Request] GET /api/clinic_details
[22/4/2026, 10:12:50 pm] [404] API route not found: GET /api/clinic_details
[22/4/2026, 10:13:00 pm] [Request] GET /api/approvals
[22/4/2026, 10:13:00 pm] [Request] GET /api/clinic_details
[22/4/2026, 10:13:00 pm] [404] API route not found: GET /api/clinic_details
[22/4/2026, 10:13:10 pm] [Request] GET /api/approvals
[22/4/2026, 10:13:10 pm] [Request] GET /api/clinic_details
[22/4/2026, 10:13:10 pm] [404] API route not found: GET /api/clinic_details
[22/4/2026, 10:13:20 pm] [Request] GET /api/approvals
[22/4/2026, 10:13:20 pm] [Request] GET /api/clinic_details
[22/4/2026, 10:13:20 pm] [404] API route not found: GET /api/clinic_details
[22/4/2026, 10:13:30 pm] [Request] GET /api/approvals
[22/4/2026, 10:13:30 pm] [Request] GET /api/clinic_details
[22/4/2026, 10:13:30 pm] [404] API route not found: GET /api/clinic_details
[22/4/2026, 10:13:40 pm] [Request] GET /api/approvals
[22/4/2026, 10:13:40 pm] [Request] GET /api/clinic_details
[22/4/2026, 10:13:40 pm] [404] API route not found: GET /api/clinic_details
[22/4/2026, 10:13:50 pm] [Request] GET /api/approvals
[22/4/2026, 10:13:50 pm] [Request] GET /api/clinic_details
[22/4/2026, 10:13:50 pm] [404] API route not found: GET /api/clinic_details
[22/4/2026, 10:14:00 pm] [Request] GET /api/approvals
[22/4/2026, 10:14:00 pm] [Request] GET /api/clinic_details
[22/4/2026, 10:14:00 pm] [404] API route not found: GET /api/clinic_details
[22/4/2026, 10:14:10 pm] [Request] GET /api/approvals
[22/4/2026, 10:14:10 pm] [Request] GET /api/clinic_details
[22/4/2026, 10:14:10 pm] [404] API route not found: GET /api/clinic_details
[22/4/2026, 10:14:20 pm] [Request] GET /api/approvals
[22/4/2026, 10:14:20 pm] [Request] GET /api/clinic_details
[22/4/2026, 10:14:20 pm] [404] API route not found: GET /api/clinic_details
[22/4/2026, 10:14:41 pm] [Request] POST /api/login
[22/4/2026, 10:14:41 pm] [Auth] Login attempt for: tej
[22/4/2026, 10:14:41 pm] [Auth] Login successful for: tej
[22/4/2026, 10:14:42 pm] [Request] GET /api/approvals
[22/4/2026, 10:14:42 pm] [Request] GET /api/clinic_details
[22/4/2026, 10:14:42 pm] [404] API route not found: GET /api/clinic_details
[22/4/2026, 10:14:52 pm] [Request] GET /api/approvals
[22/4/2026, 10:14:52 pm] [Request] GET /api/clinic_details
[22/4/2026, 10:14:52 pm] [404] API route not found: GET /api/clinic_details
[22/4/2026, 10:15:02 pm] [Request] GET /api/approvals
[22/4/2026, 10:15:02 pm] [Request] GET /api/clinic_details
[22/4/2026, 10:15:02 pm] [404] API route not found: GET /api/clinic_details
[22/4/2026, 10:15:12 pm] [Request] GET /api/approvals
[22/4/2026, 10:15:12 pm] [Request] GET /api/clinic_details
[22/4/2026, 10:15:12 pm] [404] API route not found: GET /api/clinic_details
[22/4/2026, 10:15:22 pm] [Request] GET /api/approvals
[22/4/2026, 10:15:22 pm] [Request] GET /api/clinic_details
[22/4/2026, 10:15:22 pm] [404] API route not found: GET /api/clinic_details
[22/4/2026, 10:15:32 pm] [Request] GET /api/approvals
[22/4/2026, 10:15:32 pm] [Request] GET /api/clinic_details
[22/4/2026, 10:15:32 pm] [404] API route not found: GET /api/clinic_details
[22/4/2026, 10:15:42 pm] [Request] GET /api/approvals
[22/4/2026, 10:15:42 pm] [Request] GET /api/clinic_details
[22/4/2026, 10:15:42 pm] [404] API route not found: GET /api/clinic_details
[22/4/2026, 10:16:33 pm] [Request] GET /api/approvals
[22/4/2026, 10:16:33 pm] [Request] GET /api/clinic_details
[22/4/2026, 10:16:33 pm] [404] API route not found: GET /api/clinic_details
[22/4/2026, 10:20:40 pm] [Request] GET /api/users/17
[22/4/2026, 10:20:40 pm] [Request] GET /api/users/17
[22/4/2026, 10:20:41 pm] [Request] GET /api/approvals
[22/4/2026, 10:20:41 pm] [Request] GET /api/clinic_details
[22/4/2026, 10:20:41 pm] [404] API route not found: GET /api/clinic_details
[22/4/2026, 10:20:41 pm] [Request] GET /api/clinic_details
[22/4/2026, 10:20:41 pm] [404] API route not found: GET /api/clinic_details
[22/4/2026, 10:20:41 pm] [Request] GET /api/approvals
[22/4/2026, 10:20:42 pm] [Request] GET /api/approvals
[22/4/2026, 10:20:42 pm] [Request] GET /api/clinic_details
[22/4/2026, 10:20:42 pm] [404] API route not found: GET /api/clinic_details
[22/4/2026, 10:20:52 pm] [Request] GET /api/approvals
[22/4/2026, 10:20:52 pm] [Request] GET /api/clinic_details
[22/4/2026, 10:20:52 pm] [404] API route not found: GET /api/clinic_details
[22/4/2026, 10:20:53 pm] [Request] GET /api/approvals
[22/4/2026, 10:20:53 pm] [Request] GET /api/clinic_details
[22/4/2026, 10:20:53 pm] [404] API route not found: GET /api/clinic_details
[22/4/2026, 10:20:55 pm] [Request] GET /api/approvals
[22/4/2026, 10:20:55 pm] [Request] GET /api/clinic_details
[22/4/2026, 10:20:55 pm] [404] API route not found: GET /api/clinic_details
[22/4/2026, 10:20:56 pm] [Request] GET /api/approvals
[22/4/2026, 10:20:56 pm] [Request] GET /api/clinic_details
[22/4/2026, 10:20:56 pm] [404] API route not found: GET /api/clinic_details
[22/4/2026, 10:21:06 pm] [Request] GET /api/approvals
[22/4/2026, 10:21:06 pm] [Request] GET /api/clinic_details
[22/4/2026, 10:21:06 pm] [404] API route not found: GET /api/clinic_details
[22/4/2026, 10:21:07 pm] [Request] GET /api/approvals
[22/4/2026, 10:21:07 pm] [Request] GET /api/clinic_details
[22/4/2026, 10:21:07 pm] [404] API route not found: GET /api/clinic_details
[22/4/2026, 10:21:11 pm] [Request] GET /api/users/17
[22/4/2026, 10:21:11 pm] [Request] GET /api/users/17
[22/4/2026, 10:21:16 pm] [Request] GET /api/approvals
[22/4/2026, 10:21:16 pm] [Request] GET /api/clinic_details
[22/4/2026, 10:21:16 pm] [404] API route not found: GET /api/clinic_details
[22/4/2026, 10:21:17 pm] [Request] GET /api/approvals
[22/4/2026, 10:21:17 pm] [Request] GET /api/clinic_details
[22/4/2026, 10:21:17 pm] [404] API route not found: GET /api/clinic_details
[22/4/2026, 10:21:26 pm] [Request] GET /api/approvals
[22/4/2026, 10:21:26 pm] [Request] GET /api/clinic_details
[22/4/2026, 10:21:26 pm] [404] API route not found: GET /api/clinic_details
[22/4/2026, 10:21:27 pm] [Request] GET /api/approvals
[22/4/2026, 10:21:27 pm] [Request] GET /api/clinic_details
[22/4/2026, 10:21:27 pm] [404] API route not found: GET /api/clinic_details
[22/4/2026, 10:21:36 pm] [Request] GET /api/approvals
[22/4/2026, 10:21:36 pm] [Request] GET /api/clinic_details
[22/4/2026, 10:21:36 pm] [404] API route not found: GET /api/clinic_details
[22/4/2026, 10:21:37 pm] [Request] GET /api/approvals
[22/4/2026, 10:21:37 pm] [Request] GET /api/clinic_details
[22/4/2026, 10:21:37 pm] [404] API route not found: GET /api/clinic_details
[22/4/2026, 10:21:41 pm] [Request] GET /api/users/17
[22/4/2026, 10:21:41 pm] [Request] GET /api/users/17
[22/4/2026, 10:21:46 pm] [Request] GET /api/approvals
[22/4/2026, 10:21:46 pm] [Request] GET /api/clinic_details
[22/4/2026, 10:21:46 pm] [404] API route not found: GET /api/clinic_details
[22/4/2026, 10:21:47 pm] [Request] GET /api/approvals
[22/4/2026, 10:21:47 pm] [Request] GET /api/clinic_details
[22/4/2026, 10:21:47 pm] [404] API route not found: GET /api/clinic_details
[22/4/2026, 10:22:11 pm] [Request] GET /api/users/17
[22/4/2026, 10:22:11 pm] [Request] GET /api/users/17
[22/4/2026, 10:22:33 pm] [Request] GET /api/approvals
[22/4/2026, 10:22:33 pm] [Request] GET /api/clinic_details
[22/4/2026, 10:22:33 pm] [404] API route not found: GET /api/clinic_details
[22/4/2026, 10:22:33 pm] [Request] GET /api/approvals
[22/4/2026, 10:22:33 pm] [Request] GET /api/clinic_details
[22/4/2026, 10:22:33 pm] [404] API route not found: GET /api/clinic_details
[22/4/2026, 10:22:41 pm] [Request] GET /api/users/17
[22/4/2026, 10:22:41 pm] [Request] GET /api/users/17
[22/4/2026, 10:23:11 pm] [Request] GET /api/users/17
[22/4/2026, 10:23:11 pm] [Request] GET /api/users/17
[22/4/2026, 10:23:33 pm] [Request] GET /api/approvals
[22/4/2026, 10:23:33 pm] [Request] GET /api/clinic_details
[22/4/2026, 10:23:33 pm] [404] API route not found: GET /api/clinic_details
[22/4/2026, 10:23:33 pm] [Request] GET /api/approvals
[22/4/2026, 10:23:33 pm] [Request] GET /api/clinic_details
[22/4/2026, 10:23:33 pm] [404] API route not found: GET /api/clinic_details
[22/4/2026, 10:23:41 pm] [Request] GET /api/users/17
[22/4/2026, 10:23:41 pm] [Request] GET /api/users/17
[22/4/2026, 10:24:33 pm] [Request] GET /api/approvals
[22/4/2026, 10:24:33 pm] [Request] GET /api/clinic_details
[22/4/2026, 10:24:33 pm] [404] API route not found: GET /api/clinic_details
[22/4/2026, 10:24:33 pm] [Request] GET /api/approvals
[22/4/2026, 10:24:33 pm] [Request] GET /api/clinic_details
[22/4/2026, 10:24:33 pm] [404] API route not found: GET /api/clinic_details
[22/4/2026, 10:24:33 pm] [Request] GET /api/users/17
[22/4/2026, 10:24:33 pm] [Request] GET /api/users/17
[22/4/2026, 10:25:33 pm] [Request] GET /api/approvals
[22/4/2026, 10:25:33 pm] [Request] GET /api/clinic_details
[22/4/2026, 10:25:33 pm] [404] API route not found: GET /api/clinic_details
[22/4/2026, 10:25:33 pm] [Request] GET /api/users/17
[22/4/2026, 10:25:33 pm] [Request] GET /api/approvals
[22/4/2026, 10:25:33 pm] [Request] GET /api/clinic_details
[22/4/2026, 10:25:33 pm] [404] API route not found: GET /api/clinic_details
[22/4/2026, 10:25:33 pm] [Request] GET /api/users/17
[22/4/2026, 10:26:33 pm] [Request] GET /api/approvals
[22/4/2026, 10:26:33 pm] [Request] GET /api/clinic_details
[22/4/2026, 10:26:33 pm] [404] API route not found: GET /api/clinic_details
[22/4/2026, 10:26:33 pm] [Request] GET /api/approvals
[22/4/2026, 10:26:33 pm] [Request] GET /api/clinic_details
[22/4/2026, 10:26:33 pm] [404] API route not found: GET /api/clinic_details
[22/4/2026, 10:26:33 pm] [Request] GET /api/users/17
[22/4/2026, 10:26:33 pm] [Request] GET /api/users/17
[22/4/2026, 10:27:33 pm] [Request] GET /api/approvals
[22/4/2026, 10:27:33 pm] [Request] GET /api/clinic_details
[22/4/2026, 10:27:33 pm] [404] API route not found: GET /api/clinic_details
[22/4/2026, 10:27:33 pm] [Request] GET /api/approvals
[22/4/2026, 10:27:33 pm] [Request] GET /api/clinic_details
[22/4/2026, 10:27:33 pm] [404] API route not found: GET /api/clinic_details
[22/4/2026, 10:27:33 pm] [Request] GET /api/users/17
[22/4/2026, 10:27:33 pm] [Request] GET /api/users/17
[22/4/2026, 10:28:32 pm] [Request] GET /api/approvals
[22/4/2026, 10:28:32 pm] [Request] GET /api/clinic_details
[22/4/2026, 10:28:32 pm] [404] API route not found: GET /api/clinic_details
[22/4/2026, 10:28:32 pm] [Request] GET /api/users/17
[22/4/2026, 10:28:33 pm] [Request] GET /api/approvals
[22/4/2026, 10:28:33 pm] [Request] GET /api/clinic_details
[22/4/2026, 10:28:33 pm] [404] API route not found: GET /api/clinic_details
[22/4/2026, 10:28:33 pm] [Request] GET /api/users/17
[22/4/2026, 10:28:35 pm] [Request] GET /api/approvals
[22/4/2026, 10:28:35 pm] [Request] GET /api/clinic_details
[22/4/2026, 10:28:35 pm] [404] API route not found: GET /api/clinic_details
[22/4/2026, 10:28:35 pm] [Request] GET /api/users/17
[22/4/2026, 10:28:43 pm] [Request] GET /api/approvals
[22/4/2026, 10:28:43 pm] [Request] GET /api/clinic_details
[22/4/2026, 10:28:43 pm] [404] API route not found: GET /api/clinic_details
[22/4/2026, 10:28:45 pm] [Request] GET /api/approvals
[22/4/2026, 10:28:45 pm] [Request] GET /api/clinic_details
[22/4/2026, 10:28:45 pm] [404] API route not found: GET /api/clinic_details
[22/4/2026, 10:28:53 pm] [Request] GET /api/approvals
[22/4/2026, 10:28:53 pm] [Request] GET /api/clinic_details
[22/4/2026, 10:28:53 pm] [404] API route not found: GET /api/clinic_details
[22/4/2026, 10:28:55 pm] [Request] GET /api/approvals
[22/4/2026, 10:28:55 pm] [Request] GET /api/clinic_details
[22/4/2026, 10:28:55 pm] [404] API route not found: GET /api/clinic_details
[22/4/2026, 10:29:03 pm] [Request] GET /api/approvals
[22/4/2026, 10:29:03 pm] [Request] GET /api/clinic_details
[22/4/2026, 10:29:03 pm] [404] API route not found: GET /api/clinic_details
[22/4/2026, 10:29:03 pm] [Request] GET /api/users/17
[22/4/2026, 10:29:05 pm] [Request] GET /api/approvals
[22/4/2026, 10:29:05 pm] [Request] GET /api/clinic_details
[22/4/2026, 10:29:05 pm] [404] API route not found: GET /api/clinic_details
[22/4/2026, 10:29:06 pm] [Request] GET /api/users/17
[22/4/2026, 10:29:13 pm] [Request] GET /api/approvals
[22/4/2026, 10:29:13 pm] [Request] GET /api/clinic_details
[22/4/2026, 10:29:13 pm] [404] API route not found: GET /api/clinic_details
[22/4/2026, 10:29:15 pm] [Request] GET /api/approvals
[22/4/2026, 10:29:15 pm] [Request] GET /api/clinic_details
[22/4/2026, 10:29:15 pm] [404] API route not found: GET /api/clinic_details
[22/4/2026, 10:29:23 pm] [Request] GET /api/approvals
[22/4/2026, 10:29:23 pm] [Request] GET /api/clinic_details
[22/4/2026, 10:29:23 pm] [404] API route not found: GET /api/clinic_details
[22/4/2026, 10:29:25 pm] [Request] GET /api/approvals
[22/4/2026, 10:29:25 pm] [Request] GET /api/clinic_details
[22/4/2026, 10:29:25 pm] [404] API route not found: GET /api/clinic_details
[22/4/2026, 10:29:33 pm] [Request] GET /api/approvals
[22/4/2026, 10:29:33 pm] [Request] GET /api/clinic_details
[22/4/2026, 10:29:33 pm] [404] API route not found: GET /api/clinic_details
[22/4/2026, 10:29:33 pm] [Request] GET /api/users/17
[22/4/2026, 10:29:36 pm] [Request] GET /api/users/17
[22/4/2026, 10:30:03 pm] [Request] GET /api/users/17
[22/4/2026, 10:30:06 pm] [Request] GET /api/users/17
[22/4/2026, 10:30:33 pm] [Request] GET /api/approvals
[22/4/2026, 10:30:33 pm] [Request] GET /api/clinic_details
[22/4/2026, 10:30:33 pm] [404] API route not found: GET /api/clinic_details
[22/4/2026, 10:30:33 pm] [Request] GET /api/users/17
[22/4/2026, 10:30:33 pm] [Request] GET /api/approvals
[22/4/2026, 10:30:33 pm] [Request] GET /api/clinic_details
[22/4/2026, 10:30:33 pm] [404] API route not found: GET /api/clinic_details
[22/4/2026, 10:30:36 pm] [Request] GET /api/users/17
[22/4/2026, 10:31:03 pm] [Request] GET /api/users/17
[22/4/2026, 10:31:06 pm] [Request] GET /api/users/17
[22/4/2026, 10:31:33 pm] [Request] GET /api/approvals
[22/4/2026, 10:31:33 pm] [Request] GET /api/clinic_details
[22/4/2026, 10:31:33 pm] [404] API route not found: GET /api/clinic_details
[22/4/2026, 10:31:33 pm] [Request] GET /api/approvals
[22/4/2026, 10:31:33 pm] [Request] GET /api/clinic_details
[22/4/2026, 10:31:33 pm] [404] API route not found: GET /api/clinic_details
[22/4/2026, 10:31:33 pm] [Request] GET /api/users/17
[22/4/2026, 10:32:32 pm] [Request] GET /api/users/17
[22/4/2026, 10:32:32 pm] [Request] GET /api/users/17
[22/4/2026, 10:32:33 pm] [Request] GET /api/approvals
[22/4/2026, 10:32:33 pm] [Request] GET /api/clinic_details
[22/4/2026, 10:32:33 pm] [404] API route not found: GET /api/clinic_details
[22/4/2026, 10:32:34 pm] [Request] GET /api/approvals
[22/4/2026, 10:32:34 pm] [Request] GET /api/clinic_details
[22/4/2026, 10:32:34 pm] [404] API route not found: GET /api/clinic_details
[22/4/2026, 10:33:03 pm] [Request] GET /api/users/17
[22/4/2026, 10:33:03 pm] [Request] GET /api/users/17
[22/4/2026, 10:33:20 pm] [Request] GET /api/approvals
[22/4/2026, 10:33:20 pm] [Request] GET /api/clinic_details
[22/4/2026, 10:33:20 pm] [404] API route not found: GET /api/clinic_details
[22/4/2026, 10:33:22 pm] [Request] GET /api/approvals
[22/4/2026, 10:33:23 pm] [Request] GET /api/clinic_details
[22/4/2026, 10:33:23 pm] [404] API route not found: GET /api/clinic_details
[22/4/2026, 10:33:32 pm] [Request] GET /api/users/17
[22/4/2026, 10:33:32 pm] [Request] GET /api/approvals
[22/4/2026, 10:33:32 pm] [Request] GET /api/clinic_details
[22/4/2026, 10:33:32 pm] [404] API route not found: GET /api/clinic_details
[22/4/2026, 10:33:33 pm] [Request] GET /api/approvals
[22/4/2026, 10:33:33 pm] [Request] GET /api/clinic_details
[22/4/2026, 10:33:33 pm] [404] API route not found: GET /api/clinic_details
[22/4/2026, 10:33:33 pm] [Request] GET /api/users/17
[22/4/2026, 10:33:36 pm] [Request] GET /api/approvals
[22/4/2026, 10:33:37 pm] [Request] GET /api/clinic_details
[22/4/2026, 10:33:37 pm] [404] API route not found: GET /api/clinic_details
[22/4/2026, 10:33:47 pm] [Request] GET /api/approvals
[22/4/2026, 10:33:47 pm] [Request] GET /api/clinic_details
[22/4/2026, 10:33:47 pm] [404] API route not found: GET /api/clinic_details
[22/4/2026, 10:33:56 pm] [Request] GET /api/approvals
[22/4/2026, 10:33:56 pm] [Request] GET /api/clinic_details
[22/4/2026, 10:33:56 pm] [404] API route not found: GET /api/clinic_details
[22/4/2026, 10:33:59 pm] [Request] GET /api/users/17
[22/4/2026, 10:33:59 pm] [Request] GET /api/approvals
[22/4/2026, 10:33:59 pm] [Request] GET /api/clinic_details
[22/4/2026, 10:34:00 pm] [404] API route not found: GET /api/clinic_details
[22/4/2026, 10:34:03 pm] [Request] GET /api/users/17
[22/4/2026, 10:34:09 pm] [Request] GET /api/approvals
[22/4/2026, 10:34:10 pm] [Request] GET /api/clinic_details
[22/4/2026, 10:34:10 pm] [404] API route not found: GET /api/clinic_details
[22/4/2026, 10:34:19 pm] [Request] GET /api/approvals
[22/4/2026, 10:34:19 pm] [Request] GET /api/clinic_details
[22/4/2026, 10:34:19 pm] [404] API route not found: GET /api/clinic_details
[22/4/2026, 10:34:29 pm] [Request] GET /api/users/17
[22/4/2026, 10:34:30 pm] [Request] GET /api/approvals
[22/4/2026, 10:34:30 pm] [Request] GET /api/clinic_details
[22/4/2026, 10:34:30 pm] [404] API route not found: GET /api/clinic_details
[22/4/2026, 10:34:33 pm] [Request] GET /api/approvals
[22/4/2026, 10:34:33 pm] [Request] GET /api/clinic_details
[22/4/2026, 10:34:33 pm] [404] API route not found: GET /api/clinic_details
[22/4/2026, 10:34:33 pm] [Request] GET /api/users/17
[22/4/2026, 10:34:39 pm] [Request] GET /api/approvals
[22/4/2026, 10:34:39 pm] [Request] GET /api/clinic_details
[22/4/2026, 10:34:39 pm] [404] API route not found: GET /api/clinic_details
[22/4/2026, 10:34:50 pm] [Request] GET /api/approvals
[22/4/2026, 10:34:50 pm] [Request] GET /api/clinic_details
[22/4/2026, 10:34:50 pm] [404] API route not found: GET /api/clinic_details
[22/4/2026, 10:35:00 pm] [Request] GET /api/users/17
[22/4/2026, 10:35:00 pm] [Request] GET /api/approvals
[22/4/2026, 10:35:00 pm] [Request] GET /api/clinic_details
[22/4/2026, 10:35:00 pm] [404] API route not found: GET /api/clinic_details
[22/4/2026, 10:35:03 pm] [Request] GET /api/users/17
[22/4/2026, 10:35:10 pm] [Request] GET /api/approvals
[22/4/2026, 10:35:10 pm] [Request] GET /api/clinic_details
[22/4/2026, 10:35:10 pm] [404] API route not found: GET /api/clinic_details
[22/4/2026, 10:35:20 pm] [Request] GET /api/approvals
[22/4/2026, 10:35:20 pm] [Request] GET /api/clinic_details
[22/4/2026, 10:35:20 pm] [404] API route not found: GET /api/clinic_details
[22/4/2026, 10:35:30 pm] [Request] GET /api/users/17
[22/4/2026, 10:35:30 pm] [Request] GET /api/approvals
[22/4/2026, 10:35:30 pm] [Request] GET /api/clinic_details
[22/4/2026, 10:35:30 pm] [404] API route not found: GET /api/clinic_details
[22/4/2026, 10:35:33 pm] [Request] GET /api/approvals
[22/4/2026, 10:35:33 pm] [Request] GET /api/clinic_details
[22/4/2026, 10:35:33 pm] [404] API route not found: GET /api/clinic_details
[22/4/2026, 10:35:33 pm] [Request] GET /api/users/17
[22/4/2026, 10:35:40 pm] [Request] GET /api/approvals
[22/4/2026, 10:35:40 pm] [Request] GET /api/clinic_details
[22/4/2026, 10:35:40 pm] [404] API route not found: GET /api/clinic_details
[22/4/2026, 10:36:00 pm] [Request] GET /api/users/17
[22/4/2026, 10:36:30 pm] [Request] GET /api/users/17
[22/4/2026, 10:36:33 pm] [Request] GET /api/approvals
[22/4/2026, 10:36:33 pm] [Request] GET /api/clinic_details
[22/4/2026, 10:36:33 pm] [404] API route not found: GET /api/clinic_details
[22/4/2026, 10:36:33 pm] [Request] GET /api/approvals
[22/4/2026, 10:36:33 pm] [Request] GET /api/clinic_details
[22/4/2026, 10:36:33 pm] [404] API route not found: GET /api/clinic_details
[22/4/2026, 10:36:33 pm] [Request] GET /api/users/17
[22/4/2026, 10:37:00 pm] [Request] GET /api/users/17
[22/4/2026, 10:37:33 pm] [Request] GET /api/approvals
[22/4/2026, 10:37:33 pm] [Request] GET /api/clinic_details
[22/4/2026, 10:37:33 pm] [404] API route not found: GET /api/clinic_details
[22/4/2026, 10:37:33 pm] [Request] GET /api/approvals
[22/4/2026, 10:37:33 pm] [Request] GET /api/users/17
[22/4/2026, 10:37:33 pm] [Request] GET /api/clinic_details
[22/4/2026, 10:37:33 pm] [404] API route not found: GET /api/clinic_details
[22/4/2026, 10:37:33 pm] [Request] GET /api/users/17
[22/4/2026, 10:38:33 pm] [Request] GET /api/approvals
[22/4/2026, 10:38:33 pm] [Request] GET /api/clinic_details
[22/4/2026, 10:38:33 pm] [404] API route not found: GET /api/clinic_details
[22/4/2026, 10:38:33 pm] [Request] GET /api/approvals
[22/4/2026, 10:38:33 pm] [Request] GET /api/users/17
[22/4/2026, 10:38:33 pm] [Request] GET /api/clinic_details
[22/4/2026, 10:38:33 pm] [404] API route not found: GET /api/clinic_details
[22/4/2026, 10:38:33 pm] [Request] GET /api/users/17
[22/4/2026, 10:38:44 pm] [Request] GET /api/approvals
[22/4/2026, 10:38:44 pm] [Request] GET /api/clinic_details
[22/4/2026, 10:38:44 pm] [404] API route not found: GET /api/clinic_details
[22/4/2026, 10:38:44 pm] [Request] GET /api/approvals
[22/4/2026, 10:38:44 pm] [Request] GET /api/clinic_details
[22/4/2026, 10:38:44 pm] [404] API route not found: GET /api/clinic_details
[22/4/2026, 10:38:55 pm] [Request] GET /api/approvals
[22/4/2026, 10:38:55 pm] [Request] GET /api/clinic_details
[22/4/2026, 10:38:55 pm] [404] API route not found: GET /api/clinic_details
[22/4/2026, 10:38:55 pm] [Request] GET /api/approvals
[22/4/2026, 10:38:55 pm] [Request] GET /api/clinic_details
[22/4/2026, 10:38:55 pm] [404] API route not found: GET /api/clinic_details
[22/4/2026, 10:39:05 pm] [Request] GET /api/approvals
[22/4/2026, 10:39:05 pm] [Request] GET /api/clinic_details
[22/4/2026, 10:39:05 pm] [404] API route not found: GET /api/clinic_details
[22/4/2026, 10:39:05 pm] [Request] GET /api/approvals
[22/4/2026, 10:39:05 pm] [Request] GET /api/clinic_details
[22/4/2026, 10:39:05 pm] [404] API route not found: GET /api/clinic_details
[22/4/2026, 10:39:15 pm] [Request] GET /api/approvals
[22/4/2026, 10:39:15 pm] [Request] GET /api/clinic_details
[22/4/2026, 10:39:15 pm] [404] API route not found: GET /api/clinic_details
[22/4/2026, 10:39:15 pm] [Request] GET /api/approvals
[22/4/2026, 10:39:15 pm] [Request] GET /api/clinic_details
[22/4/2026, 10:39:15 pm] [404] API route not found: GET /api/clinic_details
[22/4/2026, 10:39:25 pm] [Request] GET /api/approvals
[22/4/2026, 10:39:25 pm] [Request] GET /api/clinic_details
[22/4/2026, 10:39:25 pm] [404] API route not found: GET /api/clinic_details
[22/4/2026, 10:39:25 pm] [Request] GET /api/approvals
[22/4/2026, 10:39:25 pm] [Request] GET /api/clinic_details
[22/4/2026, 10:39:25 pm] [404] API route not found: GET /api/clinic_details
[22/4/2026, 10:39:33 pm] [Request] GET /api/users/17
[22/4/2026, 10:39:33 pm] [Request] GET /api/users/17
[22/4/2026, 10:39:34 pm] [Request] GET /api/clinic_details
[22/4/2026, 10:39:34 pm] [404] API route not found: GET /api/clinic_details
[22/4/2026, 10:39:34 pm] [Request] GET /api/approvals
[22/4/2026, 10:39:35 pm] [Request] GET /api/approvals
[22/4/2026, 10:39:35 pm] [Request] GET /api/clinic_details
[22/4/2026, 10:39:35 pm] [404] API route not found: GET /api/clinic_details
[22/4/2026, 10:39:59 pm] [Request] GET /api/users/17
[22/4/2026, 10:40:00 pm] [Request] GET /api/approvals
[22/4/2026, 10:40:00 pm] [Request] GET /api/clinic_details
[22/4/2026, 10:40:00 pm] [404] API route not found: GET /api/clinic_details
[22/4/2026, 10:40:20 pm] [Request] POST /api/login
[22/4/2026, 10:40:20 pm] [Auth] Login attempt for: TEJ
[22/4/2026, 10:40:20 pm] [Auth] Login successful for: TEJ
[22/4/2026, 10:40:20 pm] [Request] GET /api/approvals
[22/4/2026, 10:40:20 pm] [Request] GET /api/clinic_details
[22/4/2026, 10:40:20 pm] [404] API route not found: GET /api/clinic_details
[22/4/2026, 10:40:28 pm] [Request] GET /api/approvals
[22/4/2026, 10:40:28 pm] [Request] GET /api/clinic_details
[22/4/2026, 10:40:28 pm] [404] API route not found: GET /api/clinic_details
[22/4/2026, 10:40:28 pm] [Request] GET /api/users/17
[22/4/2026, 10:40:29 pm] [Request] GET /api/users/17
[22/4/2026, 10:40:30 pm] [Request] GET /api/approvals
[22/4/2026, 10:40:30 pm] [Request] GET /api/clinic_details
[22/4/2026, 10:40:30 pm] [404] API route not found: GET /api/clinic_details
[22/4/2026, 10:40:41 pm] [Request] GET /api/approvals
[22/4/2026, 10:40:41 pm] [Request] GET /api/clinic_details
[22/4/2026, 10:40:41 pm] [404] API route not found: GET /api/clinic_details
[22/4/2026, 10:40:51 pm] [Request] GET /api/approvals
[22/4/2026, 10:40:51 pm] [Request] GET /api/clinic_details
[22/4/2026, 10:40:51 pm] [404] API route not found: GET /api/clinic_details
[22/4/2026, 10:41:00 pm] [Request] GET /api/users/17
[22/4/2026, 10:41:01 pm] [Request] GET /api/approvals
[22/4/2026, 10:41:01 pm] [Request] GET /api/clinic_details
[22/4/2026, 10:41:01 pm] [404] API route not found: GET /api/clinic_details
[22/4/2026, 10:41:11 pm] [Request] GET /api/approvals
[22/4/2026, 10:41:11 pm] [Request] GET /api/clinic_details
[22/4/2026, 10:41:11 pm] [404] API route not found: GET /api/clinic_details
[22/4/2026, 10:41:21 pm] [Request] GET /api/approvals
[22/4/2026, 10:41:21 pm] [Request] GET /api/clinic_details
[22/4/2026, 10:41:21 pm] [404] API route not found: GET /api/clinic_details
[22/4/2026, 10:41:30 pm] [Request] GET /api/users/17
[22/4/2026, 10:41:31 pm] [Request] GET /api/approvals
[22/4/2026, 10:41:31 pm] [Request] GET /api/clinic_details
[22/4/2026, 10:41:31 pm] [404] API route not found: GET /api/clinic_details
[22/4/2026, 10:42:33 pm] [Request] GET /api/approvals
[22/4/2026, 10:42:33 pm] [Request] GET /api/clinic_details
[22/4/2026, 10:42:33 pm] [404] API route not found: GET /api/clinic_details
[22/4/2026, 10:42:33 pm] [Request] GET /api/users/17
[22/4/2026, 10:43:33 pm] [Request] GET /api/approvals
[22/4/2026, 10:43:33 pm] [Request] GET /api/clinic_details
[22/4/2026, 10:43:33 pm] [404] API route not found: GET /api/clinic_details
[22/4/2026, 10:43:34 pm] [Request] GET /api/users/17
[22/4/2026, 10:44:33 pm] [Request] GET /api/approvals
[22/4/2026, 10:44:33 pm] [Request] GET /api/clinic_details
[22/4/2026, 10:44:33 pm] [404] API route not found: GET /api/clinic_details
[22/4/2026, 10:44:33 pm] [Request] GET /api/users/17
[22/4/2026, 10:45:33 pm] [Request] GET /api/approvals
[22/4/2026, 10:45:33 pm] [Request] GET /api/clinic_details
[22/4/2026, 10:45:33 pm] [404] API route not found: GET /api/clinic_details
[22/4/2026, 10:45:33 pm] [Request] GET /api/users/17
[22/4/2026, 10:46:33 pm] [Request] GET /api/approvals
[22/4/2026, 10:46:33 pm] [Request] GET /api/clinic_details
[22/4/2026, 10:46:33 pm] [404] API route not found: GET /api/clinic_details
[22/4/2026, 10:46:33 pm] [Request] GET /api/users/17
[22/4/2026, 10:47:33 pm] [Request] GET /api/approvals
[22/4/2026, 10:47:33 pm] [Request] GET /api/clinic_details
[22/4/2026, 10:47:33 pm] [404] API route not found: GET /api/clinic_details
[22/4/2026, 10:47:33 pm] [Request] GET /api/users/17
[22/4/2026, 10:48:33 pm] [Request] GET /api/approvals
[22/4/2026, 10:48:33 pm] [Request] GET /api/clinic_details
[22/4/2026, 10:48:33 pm] [404] API route not found: GET /api/clinic_details
[22/4/2026, 10:48:33 pm] [Request] GET /api/users/17
[22/4/2026, 10:49:33 pm] [Request] GET /api/approvals
[22/4/2026, 10:49:33 pm] [Request] GET /api/clinic_details
[22/4/2026, 10:49:33 pm] [404] API route not found: GET /api/clinic_details
[22/4/2026, 10:49:33 pm] [Request] GET /api/users/17
[22/4/2026, 10:50:33 pm] [Request] GET /api/approvals
[22/4/2026, 10:50:33 pm] [Request] GET /api/clinic_details
[22/4/2026, 10:50:33 pm] [404] API route not found: GET /api/clinic_details
[22/4/2026, 10:50:33 pm] [Request] GET /api/users/17
[22/4/2026, 10:51:33 pm] [Request] GET /api/approvals
[22/4/2026, 10:51:33 pm] [Request] GET /api/clinic_details
[22/4/2026, 10:51:33 pm] [404] API route not found: GET /api/clinic_details
[22/4/2026, 10:51:33 pm] [Request] GET /api/users/17
[22/4/2026, 10:52:33 pm] [Request] GET /api/approvals
[22/4/2026, 10:52:33 pm] [Request] GET /api/clinic_details
[22/4/2026, 10:52:33 pm] [404] API route not found: GET /api/clinic_details
[22/4/2026, 10:52:33 pm] [Request] GET /api/users/17
[22/4/2026, 10:53:33 pm] [Request] GET /api/approvals
[22/4/2026, 10:53:33 pm] [Request] GET /api/clinic_details
[22/4/2026, 10:53:33 pm] [404] API route not found: GET /api/clinic_details
[22/4/2026, 10:53:33 pm] [Request] GET /api/users/17
[22/4/2026, 10:54:33 pm] [Request] GET /api/approvals
[22/4/2026, 10:54:33 pm] [Request] GET /api/clinic_details
[22/4/2026, 10:54:33 pm] [404] API route not found: GET /api/clinic_details
[22/4/2026, 10:54:33 pm] [Request] GET /api/users/17
[22/4/2026, 10:55:33 pm] [Request] GET /api/approvals
[22/4/2026, 10:55:33 pm] [Request] GET /api/clinic_details
[22/4/2026, 10:55:33 pm] [404] API route not found: GET /api/clinic_details
[22/4/2026, 10:55:33 pm] [Request] GET /api/users/17
[22/4/2026, 10:56:33 pm] [Request] GET /api/clinic_details
[22/4/2026, 10:56:33 pm] [404] API route not found: GET /api/clinic_details
[22/4/2026, 10:56:33 pm] [Request] GET /api/approvals
[22/4/2026, 10:56:33 pm] [Request] GET /api/users/17
[22/4/2026, 10:57:33 pm] [Request] GET /api/approvals
[22/4/2026, 10:57:33 pm] [Request] GET /api/clinic_details
[22/4/2026, 10:57:33 pm] [404] API route not found: GET /api/clinic_details
[22/4/2026, 10:57:33 pm] [Request] GET /api/users/17
[22/4/2026, 10:58:33 pm] [Request] GET /api/approvals
[22/4/2026, 10:58:33 pm] [Request] GET /api/clinic_details
[22/4/2026, 10:58:33 pm] [404] API route not found: GET /api/clinic_details
[22/4/2026, 10:58:33 pm] [Request] GET /api/users/17
[22/4/2026, 10:59:33 pm] [Request] GET /api/approvals
[22/4/2026, 10:59:33 pm] [Request] GET /api/clinic_details
[22/4/2026, 10:59:33 pm] [404] API route not found: GET /api/clinic_details
[22/4/2026, 10:59:33 pm] [Request] GET /api/users/17
[22/4/2026, 11:00:33 pm] [Request] GET /api/approvals
[22/4/2026, 11:00:33 pm] [Request] GET /api/clinic_details
[22/4/2026, 11:00:33 pm] [404] API route not found: GET /api/clinic_details
[22/4/2026, 11:00:33 pm] [Request] GET /api/users/17
[22/4/2026, 11:01:33 pm] [Request] GET /api/approvals
[22/4/2026, 11:01:33 pm] [Request] GET /api/clinic_details
[22/4/2026, 11:01:33 pm] [404] API route not found: GET /api/clinic_details
[22/4/2026, 11:01:33 pm] [Request] GET /api/users/17
[22/4/2026, 11:02:33 pm] [Request] GET /api/approvals
[22/4/2026, 11:02:33 pm] [Request] GET /api/clinic_details
[22/4/2026, 11:02:33 pm] [404] API route not found: GET /api/clinic_details
[22/4/2026, 11:02:33 pm] [Request] GET /api/users/17
[22/4/2026, 11:03:33 pm] [Request] GET /api/approvals
[22/4/2026, 11:03:33 pm] [Request] GET /api/clinic_details
[22/4/2026, 11:03:33 pm] [404] API route not found: GET /api/clinic_details
[22/4/2026, 11:03:33 pm] [Request] GET /api/users/17
[22/4/2026, 11:04:33 pm] [Request] GET /api/approvals
[22/4/2026, 11:04:33 pm] [Request] GET /api/users/17
[22/4/2026, 11:04:33 pm] [Request] GET /api/clinic_details
[22/4/2026, 11:04:33 pm] [404] API route not found: GET /api/clinic_details
[22/4/2026, 11:05:33 pm] [Request] GET /api/approvals
[22/4/2026, 11:05:33 pm] [Request] GET /api/clinic_details
[22/4/2026, 11:05:33 pm] [404] API route not found: GET /api/clinic_details
[22/4/2026, 11:05:33 pm] [Request] GET /api/users/17
[22/4/2026, 11:06:33 pm] [Request] GET /api/approvals
[22/4/2026, 11:06:33 pm] [Request] GET /api/clinic_details
[22/4/2026, 11:06:33 pm] [404] API route not found: GET /api/clinic_details
[22/4/2026, 11:06:33 pm] [Request] GET /api/users/17
